<?xml version="1.0" encoding="UTF-8"?>
<testng-results ignored="0" total="16" passed="14" failed="2" skipped="0">
  <reporter-output>
  </reporter-output>
  <suite started-at="2025-07-29T00:39:15 GMT" name="Majestic API Test Suite" finished-at="2025-07-29T00:39:17 GMT" duration-ms="1809">
    <groups>
    </groups>
    <test started-at="2025-07-29T00:39:15 GMT" name="Login and Dashboard API Tests" finished-at="2025-07-29T00:39:17 GMT" duration-ms="1809">
      <class name="tests.DashboardApiTest">
        <test-method is-config="true" signature="authenticate()[pri:0, instance:tests.DashboardApiTest@145f66e3]" started-at="2025-07-29T00:39:17 GMT" name="authenticate" finished-at="2025-07-29T00:39:17 GMT" duration-ms="33" status="PASS">
          <reporter-output>
          </reporter-output>
        </test-method> <!-- authenticate -->
        <test-method signature="testAddValidBrand()[pri:1, instance:tests.DashboardApiTest@145f66e3]" started-at="2025-07-29T00:39:17 GMT" name="testAddValidBrand" finished-at="2025-07-29T00:39:17 GMT" duration-ms="30" status="PASS">
          <reporter-output>
          </reporter-output>
        </test-method> <!-- testAddValidBrand -->
        <test-method signature="testDuplicateBrand()[pri:2, instance:tests.DashboardApiTest@145f66e3]" started-at="2025-07-29T00:39:17 GMT" name="testDuplicateBrand" finished-at="2025-07-29T00:39:17 GMT" duration-ms="17" status="PASS">
          <reporter-output>
          </reporter-output>
        </test-method> <!-- testDuplicateBrand -->
        <test-method signature="testAddInvalidCharactersBrand()[pri:3, instance:tests.DashboardApiTest@145f66e3]" started-at="2025-07-29T00:39:17 GMT" name="testAddInvalidCharactersBrand" finished-at="2025-07-29T00:39:17 GMT" duration-ms="13" status="PASS">
          <reporter-output>
          </reporter-output>
        </test-method> <!-- testAddInvalidCharactersBrand -->
        <test-method signature="testAddBlankBrand()[pri:4, instance:tests.DashboardApiTest@145f66e3]" started-at="2025-07-29T00:39:17 GMT" name="testAddBlankBrand" finished-at="2025-07-29T00:39:17 GMT" duration-ms="12" status="PASS">
          <reporter-output>
          </reporter-output>
        </test-method> <!-- testAddBlankBrand -->
        <test-method signature="testAddMoreThanFiveBrands()[pri:5, instance:tests.DashboardApiTest@145f66e3]" started-at="2025-07-29T00:39:17 GMT" name="testAddMoreThanFiveBrands" finished-at="2025-07-29T00:39:17 GMT" duration-ms="55" status="PASS">
          <reporter-output>
          </reporter-output>
        </test-method> <!-- testAddMoreThanFiveBrands -->
        <test-method signature="testEditBrandWithNewName()[pri:6, instance:tests.DashboardApiTest@145f66e3]" started-at="2025-07-29T00:39:17 GMT" name="testEditBrandWithNewName" finished-at="2025-07-29T00:39:17 GMT" duration-ms="24" status="PASS">
          <reporter-output>
          </reporter-output>
        </test-method> <!-- testEditBrandWithNewName -->
        <test-method signature="testEditBrandWithDuplicateName()[pri:7, instance:tests.DashboardApiTest@145f66e3]" started-at="2025-07-29T00:39:17 GMT" name="testEditBrandWithDuplicateName" finished-at="2025-07-29T00:39:17 GMT" duration-ms="17" status="FAIL">
          <exception class="java.lang.AssertionError">
            <message>
              <![CDATA[expected [400] but found [200]]]>
            </message>
            <full-stacktrace>
              <![CDATA[java.lang.AssertionError: expected [400] but found [200]
at org.testng.Assert.fail(Assert.java:111)
at org.testng.Assert.failNotEquals(Assert.java:1578)
at org.testng.Assert.assertEqualsImpl(Assert.java:150)
at org.testng.Assert.assertEquals(Assert.java:132)
at org.testng.Assert.assertEquals(Assert.java:1419)
at org.testng.Assert.assertEquals(Assert.java:1383)
at org.testng.Assert.assertEquals(Assert.java:1429)
at tests.DashboardApiTest.testEditBrandWithDuplicateName(DashboardApiTest.java:125)
at java.base/jdk.internal.reflect.DirectMethodHandleAccessor.invoke(DirectMethodHandleAccessor.java:103)
at java.base/java.lang.reflect.Method.invoke(Method.java:580)
at org.testng.internal.invokers.MethodInvocationHelper.invokeMethod(MethodInvocationHelper.java:139)
at org.testng.internal.invokers.TestInvoker.invokeMethod(TestInvoker.java:664)
at org.testng.internal.invokers.TestInvoker.invokeTestMethod(TestInvoker.java:228)
at org.testng.internal.invokers.MethodRunner.runInSequence(MethodRunner.java:63)
at org.testng.internal.invokers.TestInvoker$MethodInvocationAgent.invoke(TestInvoker.java:961)
at org.testng.internal.invokers.TestInvoker.invokeTestMethods(TestInvoker.java:201)
at org.testng.internal.invokers.TestMethodWorker.invokeTestMethods(TestMethodWorker.java:148)
at org.testng.internal.invokers.TestMethodWorker.run(TestMethodWorker.java:128)
at java.base/java.util.ArrayList.forEach(ArrayList.java:1596)
at org.testng.TestRunner.privateRun(TestRunner.java:819)
at org.testng.TestRunner.run(TestRunner.java:619)
at org.testng.SuiteRunner.runTest(SuiteRunner.java:443)
at org.testng.SuiteRunner.runSequentially(SuiteRunner.java:437)
at org.testng.SuiteRunner.privateRun(SuiteRunner.java:397)
at org.testng.SuiteRunner.run(SuiteRunner.java:336)
at org.testng.SuiteRunnerWorker.runSuite(SuiteRunnerWorker.java:52)
at org.testng.SuiteRunnerWorker.run(SuiteRunnerWorker.java:95)
at org.testng.TestNG.runSuitesSequentially(TestNG.java:1301)
at org.testng.TestNG.runSuitesLocally(TestNG.java:1228)
at org.testng.TestNG.runSuites(TestNG.java:1134)
at org.testng.TestNG.run(TestNG.java:1101)
at org.testng.remote.AbstractRemoteTestNG.run(AbstractRemoteTestNG.java:115)
at org.testng.remote.RemoteTestNG.initAndRun(RemoteTestNG.java:293)
at org.testng.remote.RemoteTestNG.main(RemoteTestNG.java:91)
]]>
            </full-stacktrace>
          </exception> <!-- java.lang.AssertionError -->
          <reporter-output>
          </reporter-output>
        </test-method> <!-- testEditBrandWithDuplicateName -->
        <test-method signature="testEditBrandWithBlankName()[pri:8, instance:tests.DashboardApiTest@145f66e3]" started-at="2025-07-29T00:39:17 GMT" name="testEditBrandWithBlankName" finished-at="2025-07-29T00:39:17 GMT" duration-ms="21" status="FAIL">
          <exception class="java.lang.AssertionError">
            <message>
              <![CDATA[expected [400] but found [200]]]>
            </message>
            <full-stacktrace>
              <![CDATA[java.lang.AssertionError: expected [400] but found [200]
at org.testng.Assert.fail(Assert.java:111)
at org.testng.Assert.failNotEquals(Assert.java:1578)
at org.testng.Assert.assertEqualsImpl(Assert.java:150)
at org.testng.Assert.assertEquals(Assert.java:132)
at org.testng.Assert.assertEquals(Assert.java:1419)
at org.testng.Assert.assertEquals(Assert.java:1383)
at org.testng.Assert.assertEquals(Assert.java:1429)
at tests.DashboardApiTest.testEditBrandWithBlankName(DashboardApiTest.java:138)
at java.base/jdk.internal.reflect.DirectMethodHandleAccessor.invoke(DirectMethodHandleAccessor.java:103)
at java.base/java.lang.reflect.Method.invoke(Method.java:580)
at org.testng.internal.invokers.MethodInvocationHelper.invokeMethod(MethodInvocationHelper.java:139)
at org.testng.internal.invokers.TestInvoker.invokeMethod(TestInvoker.java:664)
at org.testng.internal.invokers.TestInvoker.invokeTestMethod(TestInvoker.java:228)
at org.testng.internal.invokers.MethodRunner.runInSequence(MethodRunner.java:63)
at org.testng.internal.invokers.TestInvoker$MethodInvocationAgent.invoke(TestInvoker.java:961)
at org.testng.internal.invokers.TestInvoker.invokeTestMethods(TestInvoker.java:201)
at org.testng.internal.invokers.TestMethodWorker.invokeTestMethods(TestMethodWorker.java:148)
at org.testng.internal.invokers.TestMethodWorker.run(TestMethodWorker.java:128)
at java.base/java.util.ArrayList.forEach(ArrayList.java:1596)
at org.testng.TestRunner.privateRun(TestRunner.java:819)
at org.testng.TestRunner.run(TestRunner.java:619)
at org.testng.SuiteRunner.runTest(SuiteRunner.java:443)
at org.testng.SuiteRunner.runSequentially(SuiteRunner.java:437)
at org.testng.SuiteRunner.privateRun(SuiteRunner.java:397)
at org.testng.SuiteRunner.run(SuiteRunner.java:336)
at org.testng.SuiteRunnerWorker.runSuite(SuiteRunnerWorker.java:52)
at org.testng.SuiteRunnerWorker.run(SuiteRunnerWorker.java:95)
at org.testng.TestNG.runSuitesSequentially(TestNG.java:1301)
at org.testng.TestNG.runSuitesLocally(TestNG.java:1228)
at org.testng.TestNG.runSuites(TestNG.java:1134)
at org.testng.TestNG.run(TestNG.java:1101)
at org.testng.remote.AbstractRemoteTestNG.run(AbstractRemoteTestNG.java:115)
at org.testng.remote.RemoteTestNG.initAndRun(RemoteTestNG.java:293)
at org.testng.remote.RemoteTestNG.main(RemoteTestNG.java:91)
]]>
            </full-stacktrace>
          </exception> <!-- java.lang.AssertionError -->
          <reporter-output>
          </reporter-output>
        </test-method> <!-- testEditBrandWithBlankName -->
        <test-method signature="testDeleteBrand()[pri:9, instance:tests.DashboardApiTest@145f66e3]" started-at="2025-07-29T00:39:17 GMT" name="testDeleteBrand" finished-at="2025-07-29T00:39:17 GMT" duration-ms="13" status="PASS">
          <reporter-output>
          </reporter-output>
        </test-method> <!-- testDeleteBrand -->
      </class> <!-- tests.DashboardApiTest -->
      <class name="tests.LoginApiTest">
        <test-method is-config="true" signature="setUp()[pri:0, instance:tests.LoginApiTest@49e53c76]" started-at="2025-07-29T00:39:15 GMT" name="setUp" finished-at="2025-07-29T00:39:15 GMT" duration-ms="536" status="PASS">
          <reporter-output>
          </reporter-output>
        </test-method> <!-- setUp -->
        <test-method signature="testValidLogin()[pri:1, instance:tests.LoginApiTest@49e53c76]" started-at="2025-07-29T00:39:15 GMT" name="testValidLogin" finished-at="2025-07-29T00:39:17 GMT" duration-ms="1431" status="PASS">
          <reporter-output>
          </reporter-output>
        </test-method> <!-- testValidLogin -->
        <test-method signature="testInvalidCredentials()[pri:2, instance:tests.LoginApiTest@49e53c76]" started-at="2025-07-29T00:39:17 GMT" name="testInvalidCredentials" finished-at="2025-07-29T00:39:17 GMT" duration-ms="19" status="PASS">
          <reporter-output>
          </reporter-output>
        </test-method> <!-- testInvalidCredentials -->
        <test-method signature="testValidEmailInvalidPassword()[pri:3, instance:tests.LoginApiTest@49e53c76]" started-at="2025-07-29T00:39:17 GMT" name="testValidEmailInvalidPassword" finished-at="2025-07-29T00:39:17 GMT" duration-ms="16" status="PASS">
          <reporter-output>
          </reporter-output>
        </test-method> <!-- testValidEmailInvalidPassword -->
        <test-method signature="testInvalidEmailValidPassword()[pri:4, instance:tests.LoginApiTest@49e53c76]" started-at="2025-07-29T00:39:17 GMT" name="testInvalidEmailValidPassword" finished-at="2025-07-29T00:39:17 GMT" duration-ms="16" status="PASS">
          <reporter-output>
          </reporter-output>
        </test-method> <!-- testInvalidEmailValidPassword -->
        <test-method signature="testBlankEmailValidPassword()[pri:5, instance:tests.LoginApiTest@49e53c76]" started-at="2025-07-29T00:39:17 GMT" name="testBlankEmailValidPassword" finished-at="2025-07-29T00:39:17 GMT" duration-ms="14" status="PASS">
          <reporter-output>
          </reporter-output>
        </test-method> <!-- testBlankEmailValidPassword -->
        <test-method signature="testValidEmailBlankPassword()[pri:6, instance:tests.LoginApiTest@49e53c76]" started-at="2025-07-29T00:39:17 GMT" name="testValidEmailBlankPassword" finished-at="2025-07-29T00:39:17 GMT" duration-ms="15" status="PASS">
          <reporter-output>
          </reporter-output>
        </test-method> <!-- testValidEmailBlankPassword -->
        <test-method signature="testBlankEmailAndPassword()[pri:7, instance:tests.LoginApiTest@49e53c76]" started-at="2025-07-29T00:39:17 GMT" name="testBlankEmailAndPassword" finished-at="2025-07-29T00:39:17 GMT" duration-ms="13" status="PASS">
          <reporter-output>
          </reporter-output>
        </test-method> <!-- testBlankEmailAndPassword -->
        <test-method is-config="true" signature="tearDown()[pri:0, instance:tests.LoginApiTest@49e53c76]" started-at="2025-07-29T00:39:17 GMT" name="tearDown" finished-at="2025-07-29T00:39:17 GMT" duration-ms="241" status="PASS">
          <reporter-output>
          </reporter-output>
        </test-method> <!-- tearDown -->
      </class> <!-- tests.LoginApiTest -->
    </test> <!-- Login and Dashboard API Tests -->
  </suite> <!-- Majestic API Test Suite -->
</testng-results>
