<?xml version="1.0" encoding="UTF-8"?>
<!-- Generated by org.testng.reporters.JUnitXMLReporter -->
<testsuite ignored="2" hostname="LAPTOP-QKGKTFF2" failures="2" tests="16" name="Login and Dashboard API Tests" time="1.809" errors="0" timestamp="2025-07-29T00:39:17 GMT">
  <testcase classname="tests.LoginApiTest" name="testValidLogin" time="1.431"/>
  <testcase classname="tests.LoginApiTest" name="testInvalidCredentials" time="0.019"/>
  <testcase classname="tests.LoginApiTest" name="testValidEmailInvalidPassword" time="0.016"/>
  <testcase classname="tests.LoginApiTest" name="testInvalidEmailValidPassword" time="0.016"/>
  <testcase classname="tests.LoginApiTest" name="testBlankEmailValidPassword" time="0.014"/>
  <testcase classname="tests.LoginApiTest" name="testValidEmailBlankPassword" time="0.015"/>
  <testcase classname="tests.LoginApiTest" name="testBlankEmailAndPassword" time="0.013"/>
  <testcase classname="tests.DashboardApiTest" name="testAddValidBrand" time="0.03"/>
  <testcase classname="tests.DashboardApiTest" name="testDuplicateBrand" time="0.017"/>
  <testcase classname="tests.DashboardApiTest" name="testAddInvalidCharactersBrand" time="0.013"/>
  <testcase classname="tests.DashboardApiTest" name="testAddBlankBrand" time="0.012"/>
  <testcase classname="tests.DashboardApiTest" name="testAddMoreThanFiveBrands" time="0.055"/>
  <testcase classname="tests.DashboardApiTest" name="testEditBrandWithNewName" time="0.024"/>
  <testcase classname="tests.DashboardApiTest" name="testEditBrandWithDuplicateName" time="0.017">
    <failure type="java.lang.AssertionError" message="expected [400] but found [200]">
      <![CDATA[java.lang.AssertionError: expected [400] but found [200]
at tests.DashboardApiTest.testEditBrandWithDuplicateName(DashboardApiTest.java:125)
at java.base/java.util.ArrayList.forEach(ArrayList.java:1596)
... Removed 32 stack frames]]>
    </failure>
  </testcase> <!-- testEditBrandWithDuplicateName -->
  <testcase classname="tests.DashboardApiTest" name="testEditBrandWithBlankName" time="0.021">
    <failure type="java.lang.AssertionError" message="expected [400] but found [200]">
      <![CDATA[java.lang.AssertionError: expected [400] but found [200]
at tests.DashboardApiTest.testEditBrandWithBlankName(DashboardApiTest.java:138)
at java.base/java.util.ArrayList.forEach(ArrayList.java:1596)
... Removed 32 stack frames]]>
    </failure>
  </testcase> <!-- testEditBrandWithBlankName -->
  <testcase classname="tests.DashboardApiTest" name="testDeleteBrand" time="0.013"/>
  <testcase classname="base.BaseTest" name="@BeforeSuite setUp" time="0.0">
    <ignored/>
  </testcase> <!-- @BeforeSuite setUp -->
  <testcase classname="base.BaseTest" name="@AfterSuite tearDown" time="0.0">
    <ignored/>
  </testcase> <!-- @AfterSuite tearDown -->
</testsuite> <!-- Login and Dashboard API Tests -->
